<?xml version="1.0" encoding="UTF-8"?>
<testng-results skipped="0" failed="0" total="1" passed="1">
  <reporter-output>
  </reporter-output>
  <suite name="Default suite" duration-ms="2017" started-at="2018-07-27T06:55:01Z" finished-at="2018-07-27T06:55:03Z">
    <groups>
    </groups>
    <test name="Default test" duration-ms="2017" started-at="2018-07-27T06:55:01Z" finished-at="2018-07-27T06:55:03Z">
      <class name="ApiTest">
        <test-method status="PASS" signature="ApiCarTesting()[pri:0, instance:ApiTest@475530b9]" name="ApiCarTesting" duration-ms="1988" started-at="2018-07-26T23:55:01Z" finished-at="2018-07-26T23:55:03Z">
          <reporter-output>
          </reporter-output>
        </test-method> <!-- ApiCarTesting -->
      </class> <!-- ApiTest -->
    </test> <!-- Default test -->
  </suite> <!-- Default suite -->
</testng-results>
